<?xml version="1.0" encoding="UTF-8"?>
<coverage generated="1472552037009" clover="3.2.0">
	<project timestamp="1472552037009"  name="All Files" >
		<metrics statements="135"  coveredstatements="54"  conditionals="98"  coveredconditionals="36"  methods="58"  coveredmethods="25"  elements="291"  coveredelements="115"  complexity="0"  packages="4"  files="10"  classes="10"  loc="501"  ncloc="501" />
		<package name="actions" >
			<metrics statements="23"  coveredstatements="13"  conditionals="15"  coveredconditionals="4"  methods="5"  coveredmethods="3" />
			<file name="appValues.actions.jsx"  path="/home/franzp/prototypo/app/scripts/actions/appValues.actions.jsx" >
				<metrics statements="6"  coveredstatements="6"  conditionals="0"  coveredconditionals="0"  methods="1"  coveredmethods="1" />
				<line num="1"  count="1"  type="stmt" />
				<line num="7"  count="1"  type="stmt" />
				<line num="8"  count="1"  type="stmt" />
				<line num="10"  count="1"  type="stmt" />
				<line num="11"  count="1"  type="stmt" />
				<line num="12"  count="1"  type="stmt" />
			</file>
			<file name="export.actions.jsx"  path="/home/franzp/prototypo/app/scripts/actions/export.actions.jsx" >
				<metrics statements="17"  coveredstatements="7"  conditionals="15"  coveredconditionals="4"  methods="4"  coveredmethods="2" />
				<line num="1"  count="1"  type="stmt" />
				<line num="6"  count="4"  type="stmt" />
				<line num="8"  count="1"  type="stmt" />
				<line num="9"  count="1"  type="stmt" />
				<line num="11"  count="1"  type="stmt" />
				<line num="12"  count="1"  type="stmt" />
				<line num="13"  count="1"  type="stmt" />
				<line num="23"  count="0"  type="stmt" />
				<line num="24"  count="0"  type="stmt" />
				<line num="25"  count="0"  type="stmt" />
				<line num="27"  count="0"  type="stmt" />
				<line num="28"  count="0"  type="stmt" />
				<line num="35"  count="0"  type="stmt" />
				<line num="42"  count="0"  type="stmt" />
				<line num="44"  count="0"  type="stmt" />
				<line num="45"  count="0"  type="stmt" />
				<line num="47"  count="0"  type="stmt" />
			</file>
		</package>
		<package name="helpers" >
			<metrics statements="14"  coveredstatements="6"  conditionals="2"  coveredconditionals="0"  methods="8"  coveredmethods="2" />
			<file name="hoodie.helpers.js"  path="/home/franzp/prototypo/app/scripts/helpers/hoodie.helpers.js" >
				<metrics statements="6"  coveredstatements="3"  conditionals="0"  coveredconditionals="0"  methods="2"  coveredmethods="0" />
				<line num="1"  count="1"  type="stmt" />
				<line num="3"  count="1"  type="stmt" />
				<line num="4"  count="0"  type="stmt" />
				<line num="6"  count="0"  type="stmt" />
				<line num="7"  count="0"  type="stmt" />
				<line num="11"  count="1"  type="stmt" />
			</file>
			<file name="loadValues.helpers.js"  path="/home/franzp/prototypo/app/scripts/helpers/loadValues.helpers.js" >
				<metrics statements="8"  coveredstatements="3"  conditionals="2"  coveredconditionals="0"  methods="6"  coveredmethods="2" />
				<line num="1"  count="2"  type="stmt" />
				<line num="54"  count="2"  type="stmt" />
				<line num="102"  count="2"  type="stmt" />
				<line num="103"  count="0"  type="stmt" />
				<line num="104"  count="0"  type="stmt" />
				<line num="111"  count="0"  type="stmt" />
				<line num="113"  count="0"  type="stmt" />
				<line num="114"  count="0"  type="stmt" />
			</file>
		</package>
		<package name="services" >
			<metrics statements="81"  coveredstatements="22"  conditionals="57"  coveredconditionals="20"  methods="32"  coveredmethods="8" />
			<file name="commits.services.js"  path="/home/franzp/prototypo/app/scripts/services/commits.services.js" >
				<metrics statements="10"  coveredstatements="2"  conditionals="0"  coveredconditionals="0"  methods="4"  coveredmethods="0" />
				<line num="1"  count="1"  type="stmt" />
				<line num="3"  count="1"  type="stmt" />
				<line num="4"  count="0"  type="stmt" />
				<line num="6"  count="0"  type="stmt" />
				<line num="8"  count="0"  type="stmt" />
				<line num="10"  count="0"  type="stmt" />
				<line num="11"  count="0"  type="stmt" />
				<line num="14"  count="0"  type="stmt" />
				<line num="15"  count="0"  type="stmt" />
				<line num="18"  count="0"  type="stmt" />
			</file>
			<file name="hoodie.services.js"  path="/home/franzp/prototypo/app/scripts/services/hoodie.services.js" >
				<metrics statements="42"  coveredstatements="8"  conditionals="40"  coveredconditionals="13"  methods="16"  coveredmethods="5" />
				<line num="1"  count="14"  type="stmt" />
				<line num="7"  count="5"  type="stmt" />
				<line num="11"  count="1"  type="stmt" />
				<line num="15"  count="1"  type="stmt" />
				<line num="17"  count="1"  type="stmt" />
				<line num="18"  count="0"  type="stmt" />
				<line num="19"  count="0"  type="stmt" />
				<line num="22"  count="1"  type="stmt" />
				<line num="24"  count="1"  type="stmt" />
				<line num="26"  count="1"  type="stmt" />
				<line num="122"  count="0"  type="stmt" />
				<line num="123"  count="0"  type="stmt" />
				<line num="126"  count="0"  type="stmt" />
				<line num="128"  count="0"  type="stmt" />
				<line num="129"  count="0"  type="stmt" />
				<line num="134"  count="0"  type="stmt" />
				<line num="135"  count="0"  type="stmt" />
				<line num="138"  count="0"  type="stmt" />
				<line num="140"  count="0"  type="stmt" />
				<line num="141"  count="0"  type="stmt" />
				<line num="146"  count="0"  type="stmt" />
				<line num="150"  count="0"  type="stmt" />
				<line num="154"  count="0"  type="stmt" />
				<line num="155"  count="0"  type="stmt" />
				<line num="157"  count="0"  type="stmt" />
				<line num="161"  count="0"  type="stmt" />
				<line num="163"  count="0"  type="stmt" />
				<line num="168"  count="0"  type="stmt" />
				<line num="169"  count="0"  type="stmt" />
				<line num="170"  count="0"  type="stmt" />
				<line num="171"  count="0"  type="stmt" />
				<line num="180"  count="0"  type="stmt" />
				<line num="181"  count="0"  type="stmt" />
				<line num="182"  count="0"  type="stmt" />
				<line num="183"  count="0"  type="stmt" />
				<line num="185"  count="0"  type="stmt" />
				<line num="186"  count="0"  type="stmt" />
				<line num="188"  count="0"  type="stmt" />
				<line num="189"  count="0"  type="stmt" />
				<line num="203"  count="0"  type="stmt" />
				<line num="204"  count="0"  type="stmt" />
				<line num="205"  count="0"  type="stmt" />
			</file>
			<file name="log.services.js"  path="/home/franzp/prototypo/app/scripts/services/log.services.js" >
				<metrics statements="9"  coveredstatements="4"  conditionals="6"  coveredconditionals="3"  methods="4"  coveredmethods="1" />
				<line num="1"  count="1"  type="stmt" />
				<line num="3"  count="1"  type="stmt" />
				<line num="7"  count="0"  type="stmt" />
				<line num="8"  count="0"  type="stmt" />
				<line num="11"  count="0"  type="stmt" />
				<line num="14"  count="1"  type="stmt" />
				<line num="15"  count="0"  type="stmt" />
				<line num="18"  count="1"  type="stmt" />
				<line num="19"  count="0"  type="stmt" />
			</file>
			<file name="values.services.js"  path="/home/franzp/prototypo/app/scripts/services/values.services.js" >
				<metrics statements="20"  coveredstatements="8"  conditionals="11"  coveredconditionals="4"  methods="8"  coveredmethods="2" />
				<line num="1"  count="2"  type="stmt" />
				<line num="3"  count="4"  type="stmt" />
				<line num="7"  count="10"  type="stmt" />
				<line num="9"  count="0"  type="stmt" />
				<line num="11"  count="0"  type="stmt" />
				<line num="12"  count="0"  type="stmt" />
				<line num="14"  count="0"  type="stmt" />
				<line num="16"  count="0"  type="stmt" />
				<line num="20"  count="0"  type="stmt" />
				<line num="21"  count="0"  type="stmt" />
				<line num="25"  count="0"  type="stmt" />
				<line num="26"  count="0"  type="stmt" />
				<line num="30"  count="0"  type="stmt" />
				<line num="33"  count="0"  type="stmt" />
				<line num="36"  count="0"  type="stmt" />
				<line num="41"  count="2"  type="stmt" />
				<line num="42"  count="2"  type="stmt" />
				<line num="43"  count="2"  type="stmt" />
				<line num="44"  count="2"  type="stmt" />
				<line num="45"  count="2"  type="stmt" />
			</file>
		</package>
		<package name="stores" >
			<metrics statements="17"  coveredstatements="13"  conditionals="24"  coveredconditionals="12"  methods="13"  coveredmethods="12" />
			<file name="local-client.stores.jsx"  path="/home/franzp/prototypo/app/scripts/stores/local-client.stores.jsx" >
				<metrics statements="8"  coveredstatements="6"  conditionals="12"  coveredconditionals="6"  methods="7"  coveredmethods="6" />
				<line num="1"  count="4"  type="stmt" />
				<line num="3"  count="2"  type="stmt" />
				<line num="5"  count="2"  type="stmt" />
				<line num="6"  count="2"  type="stmt" />
				<line num="8"  count="0"  type="stmt" />
				<line num="9"  count="0"  type="stmt" />
				<line num="14"  count="6"  type="stmt" />
				<line num="15"  count="2"  type="stmt" />
			</file>
			<file name="local-server.stores.jsx"  path="/home/franzp/prototypo/app/scripts/stores/local-server.stores.jsx" >
				<metrics statements="9"  coveredstatements="7"  conditionals="12"  coveredconditionals="6"  methods="6"  coveredmethods="6" />
				<line num="1"  count="2"  type="stmt" />
				<line num="3"  count="2"  type="stmt" />
				<line num="5"  count="2"  type="stmt" />
				<line num="6"  count="2"  type="stmt" />
				<line num="8"  count="0"  type="stmt" />
				<line num="9"  count="0"  type="stmt" />
				<line num="11"  count="2"  type="stmt" />
				<line num="14"  count="2"  type="stmt" />
				<line num="15"  count="2"  type="stmt" />
			</file>
		</package>
	</project>
</coverage>
