{
"/home/franzp/prototypo/app/scripts/stores/local-server.stores.jsx":{"path":"/home/franzp/prototypo/app/scripts/stores/local-server.stores.jsx","statementMap":{"1":{"start":{"line":1,"column":39},"end":{"line":1,"column":101}},"2":{"start":{"line":1,"column":120},"end":{"line":1,"column":649}},"3":{"start":{"line":1,"column":175},"end":{"line":1,"column":440}},"4":{"start":{"line":1,"column":232},"end":{"line":1,"column":240}},"5":{"start":{"line":1,"column":241},"end":{"line":1,"column":296}},"6":{"start":{"line":1,"column":296},"end":{"line":1,"column":327}},"7":{"start":{"line":1,"column":327},"end":{"line":1,"column":381}},"8":{"start":{"line":1,"column":354},"end":{"line":1,"column":381}},"9":{"start":{"line":1,"column":381},"end":{"line":1,"column":439}},"10":{"start":{"line":1,"column":441},"end":{"line":1,"column":646}},"11":{"start":{"line":1,"column":497},"end":{"line":1,"column":565}},"12":{"start":{"line":1,"column":513},"end":{"line":1,"column":565}},"13":{"start":{"line":1,"column":565},"end":{"line":1,"column":625}},"14":{"start":{"line":1,"column":582},"end":{"line":1,"column":625}},"15":{"start":{"line":1,"column":625},"end":{"line":1,"column":644}},"16":{"start":{"line":3,"column":14},"end":{"line":15,"column":30}},"17":{"start":{"line":5,"column":2},"end":{"line":10,"column":3}},"18":{"start":{"line":6,"column":3},"end":{"line":6,"column":92}},"19":{"start":{"line":8,"column":2},"end":{"line":10,"column":3}},"20":{"start":{"line":9,"column":3},"end":{"line":9,"column":60}},"21":{"start":{"line":11,"column":2},"end":{"line":15,"column":8}},"22":{"start":{"line":14,"column":3},"end":{"line":14,"column":31}},"23":{"start":{"line":15,"column":8},"end":{"line":15,"column":27}}},"fnMap":{"1":{"name":"(anonymous_1)","decl":{"start":{"line":1,"column":120},"end":{"line":1,"column":121}},"loc":{"start":{"line":1,"column":132},"end":{"line":1,"column":647}}},"2":{"name":"defineProperties","decl":{"start":{"line":1,"column":142},"end":{"line":1,"column":158}},"loc":{"start":{"line":1,"column":174},"end":{"line":1,"column":441}}},"3":{"name":"(anonymous_3)","decl":{"start":{"line":1,"column":448},"end":{"line":1,"column":449}},"loc":{"start":{"line":1,"column":496},"end":{"line":1,"column":645}}},"4":{"name":"(anonymous_4)","decl":{"start":{"line":3,"column":14},"end":{"line":3,"column":15}},"loc":{"start":{"line":3,"column":26},"end":{"line":15,"column":28}}},"5":{"name":"LocalServer","decl":{"start":{"line":4,"column":36},"end":{"line":4,"column":47}},"loc":{"start":{"line":4,"column":66},"end":{"line":11,"column":2}}},"6":{"name":"get","decl":{"start":{"line":11,"column":62},"end":{"line":11,"column":65}},"loc":{"start":{"line":13,"column":2},"end":{"line":15,"column":3}}}},"branchMap":{"1":{"loc":{"start":{"line":1,"column":265},"end":{"line":1,"column":295}},"type":"binary-expr","locations":[{"start":{"line":1,"column":265},"end":{"line":1,"column":286}},{"start":{"line":1,"column":290},"end":{"line":1,"column":295}}]},"2":{"loc":{"start":{"line":1,"column":327},"end":{"line":1,"column":381}},"type":"if","locations":[{"start":{"line":1,"column":327},"end":{"line":1,"column":381}},{"start":{"line":1,"column":327},"end":{"line":1,"column":381}}]},"3":{"loc":{"start":{"line":1,"column":497},"end":{"line":1,"column":565}},"type":"if","locations":[{"start":{"line":1,"column":497},"end":{"line":1,"column":565}},{"start":{"line":1,"column":497},"end":{"line":1,"column":565}}]},"4":{"loc":{"start":{"line":1,"column":565},"end":{"line":1,"column":625}},"type":"if","locations":[{"start":{"line":1,"column":565},"end":{"line":1,"column":625}},{"start":{"line":1,"column":565},"end":{"line":1,"column":625}}]},"5":{"loc":{"start":{"line":5,"column":2},"end":{"line":10,"column":3}},"type":"if","locations":[{"start":{"line":5,"column":2},"end":{"line":10,"column":3}},{"start":{"line":5,"column":2},"end":{"line":10,"column":3}}]},"6":{"loc":{"start":{"line":8,"column":2},"end":{"line":10,"column":3}},"type":"if","locations":[{"start":{"line":8,"column":2},"end":{"line":10,"column":3}},{"start":{"line":8,"column":2},"end":{"line":10,"column":3}}]}},"s":{"1":2,"2":2,"3":2,"4":2,"5":2,"6":2,"7":2,"8":0,"9":2,"10":2,"11":2,"12":2,"13":2,"14":0,"15":2,"16":2,"17":2,"18":2,"19":0,"20":0,"21":2,"22":2,"23":2},"f":{"1":2,"2":2,"3":2,"4":2,"5":2,"6":2},"b":{"1":[2,2],"2":[0,2],"3":[2,0],"4":[0,2],"5":[2,0],"6":[0,0]},"hash":"874b947bd196bf573c40d0418d584c4a0e40766b","l":{"1":2,"3":2,"5":2,"6":2,"8":0,"9":0,"11":2,"14":2,"15":2}},
"/home/franzp/prototypo/app/scripts/stores/local-client.stores.jsx":{"path":"/home/franzp/prototypo/app/scripts/stores/local-client.stores.jsx","statementMap":{"1":{"start":{"line":1,"column":39},"end":{"line":1,"column":101}},"2":{"start":{"line":1,"column":120},"end":{"line":1,"column":649}},"3":{"start":{"line":1,"column":175},"end":{"line":1,"column":440}},"4":{"start":{"line":1,"column":232},"end":{"line":1,"column":240}},"5":{"start":{"line":1,"column":241},"end":{"line":1,"column":296}},"6":{"start":{"line":1,"column":296},"end":{"line":1,"column":327}},"7":{"start":{"line":1,"column":327},"end":{"line":1,"column":381}},"8":{"start":{"line":1,"column":354},"end":{"line":1,"column":381}},"9":{"start":{"line":1,"column":381},"end":{"line":1,"column":439}},"10":{"start":{"line":1,"column":441},"end":{"line":1,"column":646}},"11":{"start":{"line":1,"column":497},"end":{"line":1,"column":565}},"12":{"start":{"line":1,"column":513},"end":{"line":1,"column":565}},"13":{"start":{"line":1,"column":565},"end":{"line":1,"column":625}},"14":{"start":{"line":1,"column":582},"end":{"line":1,"column":625}},"15":{"start":{"line":1,"column":625},"end":{"line":1,"column":644}},"16":{"start":{"line":3,"column":14},"end":{"line":15,"column":30}},"17":{"start":{"line":3,"column":51},"end":{"line":3,"column":86}},"18":{"start":{"line":3,"column":87},"end":{"line":15,"column":8}},"19":{"start":{"line":5,"column":3},"end":{"line":10,"column":4}},"20":{"start":{"line":6,"column":4},"end":{"line":6,"column":40}},"21":{"start":{"line":8,"column":3},"end":{"line":10,"column":4}},"22":{"start":{"line":9,"column":4},"end":{"line":9,"column":83}},"23":{"start":{"line":14,"column":3},"end":{"line":14,"column":86}},"24":{"start":{"line":15,"column":8},"end":{"line":15,"column":27}}},"fnMap":{"1":{"name":"(anonymous_1)","decl":{"start":{"line":1,"column":120},"end":{"line":1,"column":121}},"loc":{"start":{"line":1,"column":132},"end":{"line":1,"column":647}}},"2":{"name":"defineProperties","decl":{"start":{"line":1,"column":142},"end":{"line":1,"column":158}},"loc":{"start":{"line":1,"column":174},"end":{"line":1,"column":441}}},"3":{"name":"(anonymous_3)","decl":{"start":{"line":1,"column":448},"end":{"line":1,"column":449}},"loc":{"start":{"line":1,"column":496},"end":{"line":1,"column":645}}},"4":{"name":"(anonymous_4)","decl":{"start":{"line":3,"column":14},"end":{"line":3,"column":15}},"loc":{"start":{"line":3,"column":26},"end":{"line":15,"column":28}}},"5":{"name":"LocalClient","decl":{"start":{"line":3,"column":36},"end":{"line":3,"column":47}},"loc":{"start":{"line":3,"column":50},"end":{"line":3,"column":87}}},"6":{"name":"setup","decl":{"start":{"line":3,"column":152},"end":{"line":3,"column":157}},"loc":{"start":{"line":4,"column":10},"end":{"line":11,"column":3}}},"7":{"name":"instance","decl":{"start":{"line":11,"column":42},"end":{"line":11,"column":50}},"loc":{"start":{"line":13,"column":2},"end":{"line":15,"column":3}}}},"branchMap":{"1":{"loc":{"start":{"line":1,"column":265},"end":{"line":1,"column":295}},"type":"binary-expr","locations":[{"start":{"line":1,"column":265},"end":{"line":1,"column":286}},{"start":{"line":1,"column":290},"end":{"line":1,"column":295}}]},"2":{"loc":{"start":{"line":1,"column":327},"end":{"line":1,"column":381}},"type":"if","locations":[{"start":{"line":1,"column":327},"end":{"line":1,"column":381}},{"start":{"line":1,"column":327},"end":{"line":1,"column":381}}]},"3":{"loc":{"start":{"line":1,"column":497},"end":{"line":1,"column":565}},"type":"if","locations":[{"start":{"line":1,"column":497},"end":{"line":1,"column":565}},{"start":{"line":1,"column":497},"end":{"line":1,"column":565}}]},"4":{"loc":{"start":{"line":1,"column":565},"end":{"line":1,"column":625}},"type":"if","locations":[{"start":{"line":1,"column":565},"end":{"line":1,"column":625}},{"start":{"line":1,"column":565},"end":{"line":1,"column":625}}]},"5":{"loc":{"start":{"line":5,"column":3},"end":{"line":10,"column":4}},"type":"if","locations":[{"start":{"line":5,"column":3},"end":{"line":10,"column":4}},{"start":{"line":5,"column":3},"end":{"line":10,"column":4}}]},"6":{"loc":{"start":{"line":8,"column":3},"end":{"line":10,"column":4}},"type":"if","locations":[{"start":{"line":8,"column":3},"end":{"line":10,"column":4}},{"start":{"line":8,"column":3},"end":{"line":10,"column":4}}]}},"s":{"1":2,"2":2,"3":2,"4":4,"5":4,"6":4,"7":4,"8":4,"9":4,"10":2,"11":2,"12":0,"13":2,"14":2,"15":2,"16":2,"17":0,"18":2,"19":2,"20":2,"21":0,"22":0,"23":6,"24":2},"f":{"1":2,"2":2,"3":2,"4":2,"5":0,"6":2,"7":6},"b":{"1":[4,4],"2":[4,0],"3":[0,2],"4":[2,0],"5":[2,0],"6":[0,0]},"hash":"99b249249e3fe1bb39ca947928195abf41a1112f","l":{"1":4,"3":2,"5":2,"6":2,"8":0,"9":0,"14":6,"15":2}},
"/home/franzp/prototypo/app/scripts/actions/export.actions.jsx":{"path":"/home/franzp/prototypo/app/scripts/actions/export.actions.jsx","statementMap":{"1":{"start":{"line":1,"column":39},"end":{"line":1,"column":101}},"2":{"start":{"line":6,"column":166},"end":{"line":6,"column":220}},"3":{"start":{"line":8,"column":44},"end":{"line":8,"column":50}},"4":{"start":{"line":9,"column":44},"end":{"line":9,"column":50}},"5":{"start":{"line":11,"column":0},"end":{"line":14,"column":3}},"6":{"start":{"line":12,"column":1},"end":{"line":12,"column":80}},"7":{"start":{"line":13,"column":1},"end":{"line":13,"column":78}},"8":{"start":{"line":23,"column":51},"end":{"line":23,"column":106}},"9":{"start":{"line":24,"column":16},"end":{"line":24,"column":44}},"10":{"start":{"line":25,"column":21},"end":{"line":25,"column":75}},"11":{"start":{"line":27,"column":1},"end":{"line":33,"column":2}},"12":{"start":{"line":28,"column":2},"end":{"line":30,"column":39}},"13":{"start":{"line":35,"column":1},"end":{"line":35,"column":34}},"14":{"start":{"line":42,"column":38},"end":{"line":42,"column":76}},"15":{"start":{"line":44,"column":1},"end":{"line":48,"column":2}},"16":{"start":{"line":45,"column":52},"end":{"line":45,"column":107}},"17":{"start":{"line":47,"column":2},"end":{"line":47,"column":78}}},"fnMap":{"1":{"name":"_interopRequireDefault","decl":{"start":{"line":6,"column":137},"end":{"line":6,"column":159}},"loc":{"start":{"line":6,"column":165},"end":{"line":6,"column":221}}},"2":{"name":"(anonymous_2)","decl":{"start":{"line":11,"column":44},"end":{"line":11,"column":45}},"loc":{"start":{"line":11,"column":56},"end":{"line":14,"column":1}}},"3":{"name":"exportAuthorized","decl":{"start":{"line":22,"column":9},"end":{"line":22,"column":25}},"loc":{"start":{"line":22,"column":41},"end":{"line":36,"column":1}}},"4":{"name":"spendCreditsAction","decl":{"start":{"line":41,"column":9},"end":{"line":41,"column":27}},"loc":{"start":{"line":41,"column":30},"end":{"line":49,"column":1}}}},"branchMap":{"1":{"loc":{"start":{"line":6,"column":173},"end":{"line":6,"column":219}},"type":"cond-expr","locations":[{"start":{"line":6,"column":197},"end":{"line":6,"column":200}},{"start":{"line":6,"column":203},"end":{"line":6,"column":219}}]},"2":{"loc":{"start":{"line":6,"column":173},"end":{"line":6,"column":194}},"type":"binary-expr","locations":[{"start":{"line":6,"column":173},"end":{"line":6,"column":176}},{"start":{"line":6,"column":180},"end":{"line":6,"column":194}}]},"3":{"loc":{"start":{"line":25,"column":21},"end":{"line":25,"column":75}},"type":"binary-expr","locations":[{"start":{"line":25,"column":21},"end":{"line":25,"column":28}},{"start":{"line":25,"column":32},"end":{"line":25,"column":43}},{"start":{"line":25,"column":47},"end":{"line":25,"column":75}}]},"4":{"loc":{"start":{"line":27,"column":1},"end":{"line":33,"column":2}},"type":"if","locations":[{"start":{"line":27,"column":1},"end":{"line":33,"column":2}},{"start":{"line":27,"column":1},"end":{"line":33,"column":2}}]},"5":{"loc":{"start":{"line":27,"column":5},"end":{"line":27,"column":32}},"type":"binary-expr","locations":[{"start":{"line":27,"column":5},"end":{"line":27,"column":14}},{"start":{"line":27,"column":18},"end":{"line":27,"column":32}}]},"6":{"loc":{"start":{"line":35,"column":8},"end":{"line":35,"column":33}},"type":"binary-expr","locations":[{"start":{"line":35,"column":8},"end":{"line":35,"column":16}},{"start":{"line":35,"column":20},"end":{"line":35,"column":33}}]},"7":{"loc":{"start":{"line":44,"column":1},"end":{"line":48,"column":2}},"type":"if","locations":[{"start":{"line":44,"column":1},"end":{"line":48,"column":2}},{"start":{"line":44,"column":1},"end":{"line":48,"column":2}}]}},"s":{"1":1,"2":4,"3":1,"4":1,"5":1,"6":1,"7":1,"8":0,"9":0,"10":0,"11":0,"12":0,"13":0,"14":0,"15":0,"16":0,"17":0},"f":{"1":4,"2":1,"3":0,"4":0},"b":{"1":[2,2],"2":[4,4],"3":[0,0,0],"4":[0,0],"5":[0,0],"6":[0,0],"7":[0,0]},"hash":"7973c4aab36be304d6cf9abf431e41fbcbfb0e60","l":{"1":1,"6":4,"8":1,"9":1,"11":1,"12":1,"13":1,"23":0,"24":0,"25":0,"27":0,"28":0,"35":0,"42":0,"44":0,"45":0,"47":0}},
"/home/franzp/prototypo/app/scripts/services/values.services.js":{"path":"/home/franzp/prototypo/app/scripts/services/values.services.js","statementMap":{"1":{"start":{"line":1,"column":39},"end":{"line":1,"column":101}},"2":{"start":{"line":1,"column":101},"end":{"line":1,"column":222}},"3":{"start":{"line":3,"column":230},"end":{"line":3,"column":284}},"4":{"start":{"line":7,"column":1},"end":{"line":37,"column":6}},"5":{"start":{"line":9,"column":3},"end":{"line":17,"column":8}},"6":{"start":{"line":11,"column":5},"end":{"line":15,"column":6}},"7":{"start":{"line":12,"column":45},"end":{"line":12,"column":83}},"8":{"start":{"line":14,"column":6},"end":{"line":14,"column":111}},"9":{"start":{"line":16,"column":5},"end":{"line":16,"column":17}},"10":{"start":{"line":20,"column":3},"end":{"line":22,"column":4}},"11":{"start":{"line":21,"column":4},"end":{"line":21,"column":149}},"12":{"start":{"line":25,"column":3},"end":{"line":29,"column":4}},"13":{"start":{"line":26,"column":4},"end":{"line":27,"column":32}},"14":{"start":{"line":30,"column":3},"end":{"line":30,"column":15}},"15":{"start":{"line":33,"column":3},"end":{"line":33,"column":134}},"16":{"start":{"line":36,"column":3},"end":{"line":36,"column":179}},"17":{"start":{"line":41,"column":42},"end":{"line":41,"column":78}},"18":{"start":{"line":42,"column":46},"end":{"line":42,"column":87}},"19":{"start":{"line":43,"column":43},"end":{"line":43,"column":81}},"20":{"start":{"line":44,"column":47},"end":{"line":44,"column":91}},"21":{"start":{"line":45,"column":43},"end":{"line":45,"column":83}}},"fnMap":{"1":{"name":"_interopRequireDefault","decl":{"start":{"line":3,"column":201},"end":{"line":3,"column":223}},"loc":{"start":{"line":3,"column":229},"end":{"line":3,"column":285}}},"2":{"name":"values","decl":{"start":{"line":6,"column":9},"end":{"line":6,"column":15}},"loc":{"start":{"line":6,"column":24},"end":{"line":39,"column":1}}},"3":{"name":"get","decl":{"start":{"line":8,"column":16},"end":{"line":8,"column":19}},"loc":{"start":{"line":8,"column":28},"end":{"line":18,"column":3}}},"4":{"name":"(anonymous_4)","decl":{"start":{"line":10,"column":9},"end":{"line":10,"column":10}},"loc":{"start":{"line":10,"column":25},"end":{"line":17,"column":5}}},"5":{"name":"getWithPouch","decl":{"start":{"line":19,"column":25},"end":{"line":19,"column":37}},"loc":{"start":{"line":19,"column":46},"end":{"line":23,"column":3}}},"6":{"name":"save","decl":{"start":{"line":24,"column":17},"end":{"line":24,"column":21}},"loc":{"start":{"line":24,"column":30},"end":{"line":31,"column":3}}},"7":{"name":"clear","decl":{"start":{"line":32,"column":18},"end":{"line":32,"column":23}},"loc":{"start":{"line":32,"column":26},"end":{"line":34,"column":3}}},"8":{"name":"deleteDb","decl":{"start":{"line":35,"column":21},"end":{"line":35,"column":29}},"loc":{"start":{"line":35,"column":38},"end":{"line":37,"column":3}}}},"branchMap":{"1":{"loc":{"start":{"line":3,"column":237},"end":{"line":3,"column":283}},"type":"cond-expr","locations":[{"start":{"line":3,"column":261},"end":{"line":3,"column":264}},{"start":{"line":3,"column":267},"end":{"line":3,"column":283}}]},"2":{"loc":{"start":{"line":3,"column":237},"end":{"line":3,"column":258}},"type":"binary-expr","locations":[{"start":{"line":3,"column":237},"end":{"line":3,"column":240}},{"start":{"line":3,"column":244},"end":{"line":3,"column":258}}]},"3":{"loc":{"start":{"line":11,"column":5},"end":{"line":15,"column":6}},"type":"if","locations":[{"start":{"line":11,"column":5},"end":{"line":15,"column":6}},{"start":{"line":11,"column":5},"end":{"line":15,"column":6}}]},"4":{"loc":{"start":{"line":20,"column":3},"end":{"line":22,"column":4}},"type":"if","locations":[{"start":{"line":20,"column":3},"end":{"line":22,"column":4}},{"start":{"line":20,"column":3},"end":{"line":22,"column":4}}]},"5":{"loc":{"start":{"line":25,"column":3},"end":{"line":29,"column":4}},"type":"if","locations":[{"start":{"line":25,"column":3},"end":{"line":29,"column":4}},{"start":{"line":25,"column":3},"end":{"line":29,"column":4}}]},"6":{"loc":{"start":{"line":25,"column":7},"end":{"line":25,"column":114}},"type":"binary-expr","locations":[{"start":{"line":25,"column":7},"end":{"line":25,"column":47}}]}},"s":{"1":2,"2":2,"3":4,"4":10,"5":0,"6":0,"7":0,"8":0,"9":0,"10":0,"11":0,"12":0,"13":0,"14":0,"15":0,"16":0,"17":2,"18":2,"19":2,"20":2,"21":2},"f":{"1":4,"2":10,"3":0,"4":0,"5":0,"6":0,"7":0,"8":0},"b":{"1":[3,1],"2":[4,4],"3":[0,0],"4":[0,0],"5":[0,0],"6":[0]},"hash":"62281df19b07972c4a3ebb97d671f0df87604578","l":{"1":2,"3":4,"7":10,"9":0,"11":0,"12":0,"14":0,"16":0,"20":0,"21":0,"25":0,"26":0,"30":0,"33":0,"36":0,"41":2,"42":2,"43":2,"44":2,"45":2}},
"/home/franzp/prototypo/app/scripts/helpers/loadValues.helpers.js":{"path":"/home/franzp/prototypo/app/scripts/helpers/loadValues.helpers.js","statementMap":{"1":{"start":{"line":1,"column":39},"end":{"line":1,"column":101}},"2":{"start":{"line":1,"column":101},"end":{"line":1,"column":158}},"3":{"start":{"line":1,"column":158},"end":{"line":45,"column":32}},"4":{"start":{"line":54,"column":567},"end":{"line":54,"column":573}},"5":{"start":{"line":54,"column":596},"end":{"line":54,"column":601}},"6":{"start":{"line":54,"column":647},"end":{"line":54,"column":1908}},"7":{"start":{"line":54,"column":1909},"end":{"line":54,"column":2048}},"8":{"start":{"line":54,"column":1966},"end":{"line":54,"column":2045}},"9":{"start":{"line":54,"column":2048},"end":{"line":54,"column":2131}},"10":{"start":{"line":54,"column":2105},"end":{"line":54,"column":2128}},"11":{"start":{"line":102,"column":46},"end":{"line":118,"column":7}},"12":{"start":{"line":103,"column":1},"end":{"line":105,"column":2}},"13":{"start":{"line":104,"column":2},"end":{"line":104,"column":9}},"14":{"start":{"line":111,"column":17},"end":{"line":111,"column":19}},"15":{"start":{"line":113,"column":1},"end":{"line":115,"column":4}},"16":{"start":{"line":114,"column":2},"end":{"line":114,"column":98}}},"fnMap":{"1":{"name":"(anonymous_1)","decl":{"start":{"line":54,"column":1953},"end":{"line":54,"column":1954}},"loc":{"start":{"line":54,"column":1965},"end":{"line":54,"column":2046}}},"2":{"name":"(anonymous_2)","decl":{"start":{"line":54,"column":2092},"end":{"line":54,"column":2093}},"loc":{"start":{"line":54,"column":2104},"end":{"line":54,"column":2129}}},"3":{"name":"copyFontValues","decl":{"start":{"line":54,"column":2140},"end":{"line":54,"column":2154}},"loc":{"start":{"line":54,"column":2191},"end":{"line":54,"column":2626}}},"4":{"name":"loadFontValues","decl":{"start":{"line":54,"column":2635},"end":{"line":54,"column":2649}},"loc":{"start":{"line":54,"column":2696},"end":{"line":99,"column":135}}},"5":{"name":"(anonymous_5)","decl":{"start":{"line":102,"column":81},"end":{"line":102,"column":82}},"loc":{"start":{"line":102,"column":93},"end":{"line":118,"column":1}}},"6":{"name":"(anonymous_6)","decl":{"start":{"line":113,"column":25},"end":{"line":113,"column":26}},"loc":{"start":{"line":113,"column":40},"end":{"line":115,"column":2}}}},"branchMap":{"1":{"loc":{"start":{"line":103,"column":1},"end":{"line":105,"column":2}},"type":"if","locations":[{"start":{"line":103,"column":1},"end":{"line":105,"column":2}},{"start":{"line":103,"column":1},"end":{"line":105,"column":2}}]}},"s":{"1":2,"2":2,"3":2,"4":2,"5":2,"6":2,"7":2,"8":1,"9":2,"10":1,"11":2,"12":0,"13":0,"14":0,"15":0,"16":0},"f":{"1":1,"2":1,"3":0,"4":0,"5":0,"6":0},"b":{"1":[0,0]},"hash":"f19f0bbad763c7d538b071517747c331ca665b15","l":{"1":2,"54":2,"102":2,"103":0,"104":0,"111":0,"113":0,"114":0}},
"/home/franzp/prototypo/app/scripts/actions/appValues.actions.jsx":{"path":"/home/franzp/prototypo/app/scripts/actions/appValues.actions.jsx","statementMap":{"1":{"start":{"line":1,"column":39},"end":{"line":1,"column":101}},"2":{"start":{"line":7,"column":44},"end":{"line":7,"column":50}},"3":{"start":{"line":8,"column":44},"end":{"line":8,"column":50}},"4":{"start":{"line":10,"column":0},"end":{"line":13,"column":3}},"5":{"start":{"line":11,"column":1},"end":{"line":11,"column":80}},"6":{"start":{"line":12,"column":1},"end":{"line":12,"column":78}}},"fnMap":{"1":{"name":"(anonymous_1)","decl":{"start":{"line":10,"column":44},"end":{"line":10,"column":45}},"loc":{"start":{"line":10,"column":56},"end":{"line":13,"column":1}}}},"branchMap":{},"s":{"1":1,"2":1,"3":1,"4":1,"5":1,"6":1},"f":{"1":1},"b":{},"hash":"5ba6962b3817d362b7500e382dfe1227f0fee490","l":{"1":1,"7":1,"8":1,"10":1,"11":1,"12":1}},
"/home/franzp/prototypo/app/scripts/services/hoodie.services.js":{"path":"/home/franzp/prototypo/app/scripts/services/hoodie.services.js","statementMap":{"1":{"start":{"line":1,"column":39},"end":{"line":1,"column":101}},"2":{"start":{"line":1,"column":120},"end":{"line":1,"column":649}},"3":{"start":{"line":1,"column":175},"end":{"line":1,"column":440}},"4":{"start":{"line":1,"column":232},"end":{"line":1,"column":240}},"5":{"start":{"line":1,"column":241},"end":{"line":1,"column":296}},"6":{"start":{"line":1,"column":296},"end":{"line":1,"column":327}},"7":{"start":{"line":1,"column":327},"end":{"line":1,"column":381}},"8":{"start":{"line":1,"column":354},"end":{"line":1,"column":381}},"9":{"start":{"line":1,"column":381},"end":{"line":1,"column":439}},"10":{"start":{"line":1,"column":441},"end":{"line":1,"column":646}},"11":{"start":{"line":1,"column":497},"end":{"line":1,"column":565}},"12":{"start":{"line":1,"column":513},"end":{"line":1,"column":565}},"13":{"start":{"line":1,"column":565},"end":{"line":1,"column":625}},"14":{"start":{"line":1,"column":582},"end":{"line":1,"column":625}},"15":{"start":{"line":1,"column":625},"end":{"line":1,"column":644}},"16":{"start":{"line":7,"column":196},"end":{"line":7,"column":250}},"17":{"start":{"line":7,"column":300},"end":{"line":7,"column":399}},"18":{"start":{"line":7,"column":341},"end":{"line":7,"column":398}},"19":{"start":{"line":11,"column":14},"end":{"line":13,"column":35}},"20":{"start":{"line":15,"column":13},"end":{"line":15,"column":69}},"21":{"start":{"line":17,"column":0},"end":{"line":20,"column":1}},"22":{"start":{"line":18,"column":1},"end":{"line":18,"column":29}},"23":{"start":{"line":19,"column":1},"end":{"line":19,"column":35}},"24":{"start":{"line":22,"column":13},"end":{"line":22,"column":39}},"25":{"start":{"line":24,"column":44},"end":{"line":24,"column":50}},"26":{"start":{"line":26,"column":0},"end":{"line":27,"column":150}},"27":{"start":{"line":122,"column":1},"end":{"line":130,"column":2}},"28":{"start":{"line":123,"column":2},"end":{"line":123,"column":18}},"29":{"start":{"line":126,"column":14},"end":{"line":126,"column":44}},"30":{"start":{"line":128,"column":2},"end":{"line":128,"column":28}},"31":{"start":{"line":129,"column":2},"end":{"line":129,"column":14}},"32":{"start":{"line":134,"column":1},"end":{"line":142,"column":2}},"33":{"start":{"line":135,"column":2},"end":{"line":135,"column":26}},"34":{"start":{"line":138,"column":14},"end":{"line":138,"column":41}},"35":{"start":{"line":140,"column":2},"end":{"line":140,"column":28}},"36":{"start":{"line":141,"column":2},"end":{"line":141,"column":14}},"37":{"start":{"line":146,"column":1},"end":{"line":146,"column":24}},"38":{"start":{"line":150,"column":1},"end":{"line":150,"column":24}},"39":{"start":{"line":154,"column":1},"end":{"line":156,"column":2}},"40":{"start":{"line":155,"column":2},"end":{"line":155,"column":50}},"41":{"start":{"line":157,"column":1},"end":{"line":157,"column":17}},"42":{"start":{"line":161,"column":14},"end":{"line":161,"column":29}},"43":{"start":{"line":163,"column":1},"end":{"line":164,"column":53}},"44":{"start":{"line":168,"column":16},"end":{"line":168,"column":52}},"45":{"start":{"line":169,"column":10},"end":{"line":169,"column":27}},"46":{"start":{"line":170,"column":20},"end":{"line":170,"column":59}},"47":{"start":{"line":171,"column":36},"end":{"line":176,"column":29}},"48":{"start":{"line":180,"column":1},"end":{"line":180,"column":43}},"49":{"start":{"line":181,"column":1},"end":{"line":181,"column":34}},"50":{"start":{"line":182,"column":1},"end":{"line":182,"column":56}},"51":{"start":{"line":183,"column":1},"end":{"line":183,"column":68}},"52":{"start":{"line":185,"column":1},"end":{"line":199,"column":2}},"53":{"start":{"line":186,"column":2},"end":{"line":198,"column":5}},"54":{"start":{"line":188,"column":3},"end":{"line":188,"column":63}},"55":{"start":{"line":189,"column":3},"end":{"line":193,"column":40}},"56":{"start":{"line":203,"column":1},"end":{"line":207,"column":2}},"57":{"start":{"line":204,"column":2},"end":{"line":206,"column":5}},"58":{"start":{"line":205,"column":3},"end":{"line":205,"column":8}}},"fnMap":{"1":{"name":"(anonymous_1)","decl":{"start":{"line":1,"column":120},"end":{"line":1,"column":121}},"loc":{"start":{"line":1,"column":132},"end":{"line":1,"column":647}}},"2":{"name":"defineProperties","decl":{"start":{"line":1,"column":142},"end":{"line":1,"column":158}},"loc":{"start":{"line":1,"column":174},"end":{"line":1,"column":441}}},"3":{"name":"(anonymous_3)","decl":{"start":{"line":1,"column":448},"end":{"line":1,"column":449}},"loc":{"start":{"line":1,"column":496},"end":{"line":1,"column":645}}},"4":{"name":"_interopRequireDefault","decl":{"start":{"line":7,"column":167},"end":{"line":7,"column":189}},"loc":{"start":{"line":7,"column":195},"end":{"line":7,"column":251}}},"5":{"name":"_classCallCheck","decl":{"start":{"line":7,"column":260},"end":{"line":7,"column":275}},"loc":{"start":{"line":7,"column":299},"end":{"line":7,"column":400}}},"6":{"name":"_callee","decl":{"start":{"line":26,"column":79},"end":{"line":26,"column":86}},"loc":{"start":{"line":26,"column":115},"end":{"line":27,"column":148}}},"7":{"name":"checkStatus","decl":{"start":{"line":121,"column":9},"end":{"line":121,"column":20}},"loc":{"start":{"line":121,"column":31},"end":{"line":131,"column":1}}},"8":{"name":"checkUser","decl":{"start":{"line":133,"column":9},"end":{"line":133,"column":18}},"loc":{"start":{"line":133,"column":29},"end":{"line":143,"column":1}}},"9":{"name":"parseJson","decl":{"start":{"line":145,"column":9},"end":{"line":145,"column":18}},"loc":{"start":{"line":145,"column":29},"end":{"line":147,"column":1}}},"10":{"name":"parseText","decl":{"start":{"line":149,"column":9},"end":{"line":149,"column":18}},"loc":{"start":{"line":149,"column":29},"end":{"line":151,"column":1}}},"11":{"name":"storeBearer","decl":{"start":{"line":153,"column":9},"end":{"line":153,"column":20}},"loc":{"start":{"line":153,"column":31},"end":{"line":158,"column":1}}},"12":{"name":"getPlan","decl":{"start":{"line":160,"column":9},"end":{"line":160,"column":16}},"loc":{"start":{"line":160,"column":24},"end":{"line":165,"column":1}}},"13":{"name":"setupHoodie","decl":{"start":{"line":167,"column":9},"end":{"line":167,"column":20}},"loc":{"start":{"line":167,"column":27},"end":{"line":208,"column":1}}},"14":{"name":"(anonymous_14)","decl":{"start":{"line":187,"column":7},"end":{"line":187,"column":8}},"loc":{"start":{"line":187,"column":27},"end":{"line":196,"column":3}}},"15":{"name":"(anonymous_15)","decl":{"start":{"line":197,"column":8},"end":{"line":197,"column":9}},"loc":{"start":{"line":197,"column":23},"end":{"line":198,"column":3}}},"16":{"name":"(anonymous_16)","decl":{"start":{"line":204,"column":39},"end":{"line":204,"column":40}},"loc":{"start":{"line":204,"column":53},"end":{"line":206,"column":3}}}},"branchMap":{"1":{"loc":{"start":{"line":1,"column":265},"end":{"line":1,"column":295}},"type":"binary-expr","locations":[{"start":{"line":1,"column":265},"end":{"line":1,"column":286}},{"start":{"line":1,"column":290},"end":{"line":1,"column":295}}]},"2":{"loc":{"start":{"line":1,"column":327},"end":{"line":1,"column":381}},"type":"if","locations":[{"start":{"line":1,"column":327},"end":{"line":1,"column":381}},{"start":{"line":1,"column":327},"end":{"line":1,"column":381}}]},"3":{"loc":{"start":{"line":1,"column":497},"end":{"line":1,"column":565}},"type":"if","locations":[{"start":{"line":1,"column":497},"end":{"line":1,"column":565}},{"start":{"line":1,"column":497},"end":{"line":1,"column":565}}]},"4":{"loc":{"start":{"line":1,"column":565},"end":{"line":1,"column":625}},"type":"if","locations":[{"start":{"line":1,"column":565},"end":{"line":1,"column":625}},{"start":{"line":1,"column":565},"end":{"line":1,"column":625}}]},"5":{"loc":{"start":{"line":7,"column":203},"end":{"line":7,"column":249}},"type":"cond-expr","locations":[{"start":{"line":7,"column":227},"end":{"line":7,"column":230}},{"start":{"line":7,"column":233},"end":{"line":7,"column":249}}]},"6":{"loc":{"start":{"line":7,"column":203},"end":{"line":7,"column":224}},"type":"binary-expr","locations":[{"start":{"line":7,"column":203},"end":{"line":7,"column":206}},{"start":{"line":7,"column":210},"end":{"line":7,"column":224}}]},"7":{"loc":{"start":{"line":7,"column":300},"end":{"line":7,"column":399}},"type":"if","locations":[{"start":{"line":7,"column":300},"end":{"line":7,"column":399}},{"start":{"line":7,"column":300},"end":{"line":7,"column":399}}]},"8":{"loc":{"start":{"line":11,"column":14},"end":{"line":13,"column":35}},"type":"cond-expr","locations":[{"start":{"line":12,"column":0},"end":{"line":12,"column":31}},{"start":{"line":13,"column":0},"end":{"line":13,"column":35}}]},"9":{"loc":{"start":{"line":11,"column":14},"end":{"line":11,"column":95}},"type":"binary-expr","locations":[{"start":{"line":11,"column":14},"end":{"line":11,"column":52}},{"start":{"line":11,"column":56},"end":{"line":11,"column":95}}]},"10":{"loc":{"start":{"line":17,"column":0},"end":{"line":20,"column":1}},"type":"if","locations":[{"start":{"line":17,"column":0},"end":{"line":20,"column":1}},{"start":{"line":17,"column":0},"end":{"line":20,"column":1}}]},"11":{"loc":{"start":{"line":122,"column":1},"end":{"line":130,"column":2}},"type":"if","locations":[{"start":{"line":122,"column":1},"end":{"line":130,"column":2}},{"start":{"line":122,"column":1},"end":{"line":130,"column":2}}]},"12":{"loc":{"start":{"line":122,"column":5},"end":{"line":122,"column":52}},"type":"binary-expr","locations":[{"start":{"line":122,"column":5},"end":{"line":122,"column":27}},{"start":{"line":122,"column":31},"end":{"line":122,"column":52}}]},"13":{"loc":{"start":{"line":134,"column":1},"end":{"line":142,"column":2}},"type":"if","locations":[{"start":{"line":134,"column":1},"end":{"line":142,"column":2}},{"start":{"line":134,"column":1},"end":{"line":142,"column":2}}]},"14":{"loc":{"start":{"line":134,"column":5},"end":{"line":134,"column":46}},"type":"binary-expr","locations":[{"start":{"line":134,"column":5},"end":{"line":134,"column":21}},{"start":{"line":134,"column":25},"end":{"line":134,"column":46}}]},"15":{"loc":{"start":{"line":154,"column":1},"end":{"line":156,"column":2}},"type":"if","locations":[{"start":{"line":154,"column":1},"end":{"line":156,"column":2}},{"start":{"line":154,"column":1},"end":{"line":156,"column":2}}]},"16":{"loc":{"start":{"line":163,"column":8},"end":{"line":164,"column":52}},"type":"binary-expr","locations":[{"start":{"line":163,"column":8},"end":{"line":163,"column":45}},{"start":{"line":164,"column":1},"end":{"line":164,"column":52}}]},"17":{"loc":{"start":{"line":168,"column":16},"end":{"line":168,"column":52}},"type":"cond-expr","locations":[{"start":{"line":168,"column":32},"end":{"line":168,"column":45}},{"start":{"line":168,"column":48},"end":{"line":168,"column":52}}]},"18":{"loc":{"start":{"line":183,"column":27},"end":{"line":183,"column":67}},"type":"binary-expr","locations":[{"start":{"line":183,"column":27},"end":{"line":183,"column":50}},{"start":{"line":183,"column":54},"end":{"line":183,"column":67}}]},"19":{"loc":{"start":{"line":185,"column":1},"end":{"line":199,"column":2}},"type":"if","locations":[{"start":{"line":185,"column":1},"end":{"line":199,"column":2}},{"start":{"line":185,"column":1},"end":{"line":199,"column":2}}]},"20":{"loc":{"start":{"line":203,"column":1},"end":{"line":207,"column":2}},"type":"if","locations":[{"start":{"line":203,"column":1},"end":{"line":207,"column":2}},{"start":{"line":203,"column":1},"end":{"line":207,"column":2}}]}},"s":{"1":1,"2":1,"3":1,"4":14,"5":14,"6":14,"7":14,"8":14,"9":14,"10":1,"11":1,"12":0,"13":1,"14":1,"15":1,"16":5,"17":0,"18":0,"19":1,"20":1,"21":1,"22":0,"23":0,"24":1,"25":1,"26":1,"27":0,"28":0,"29":0,"30":0,"31":0,"32":0,"33":0,"34":0,"35":0,"36":0,"37":0,"38":0,"39":0,"40":0,"41":0,"42":0,"43":0,"44":0,"45":0,"46":0,"47":0,"48":0,"49":0,"50":0,"51":0,"52":0,"53":0,"54":0,"55":0,"56":0,"57":0,"58":0},"f":{"1":1,"2":1,"3":1,"4":5,"5":0,"6":1,"7":0,"8":0,"9":0,"10":0,"11":0,"12":0,"13":0,"14":0,"15":0,"16":0},"b":{"1":[14,14],"2":[14,0],"3":[0,1],"4":[1,0],"5":[3,2],"6":[5,5],"7":[0,0],"8":[0,1],"9":[1,1],"10":[0,1],"11":[0,0],"12":[0,0],"13":[0,0],"14":[0,0],"15":[0,0],"16":[0,0],"17":[0,0],"18":[0,0],"19":[0,0],"20":[0,0]},"hash":"538997e2188d416025fec93c486c77710fc404ae","l":{"1":14,"7":5,"11":1,"15":1,"17":1,"18":0,"19":0,"22":1,"24":1,"26":1,"122":0,"123":0,"126":0,"128":0,"129":0,"134":0,"135":0,"138":0,"140":0,"141":0,"146":0,"150":0,"154":0,"155":0,"157":0,"161":0,"163":0,"168":0,"169":0,"170":0,"171":0,"180":0,"181":0,"182":0,"183":0,"185":0,"186":0,"188":0,"189":0,"203":0,"204":0,"205":0}},
"/home/franzp/prototypo/app/scripts/helpers/hoodie.helpers.js":{"path":"/home/franzp/prototypo/app/scripts/helpers/hoodie.helpers.js","statementMap":{"1":{"start":{"line":1,"column":39},"end":{"line":1,"column":101}},"2":{"start":{"line":1,"column":114},"end":{"line":1,"column":116}},"3":{"start":{"line":3,"column":0},"end":{"line":9,"column":2}},"4":{"start":{"line":4,"column":14},"end":{"line":4,"column":15}},"5":{"start":{"line":6,"column":1},"end":{"line":8,"column":15}},"6":{"start":{"line":7,"column":3},"end":{"line":7,"column":72}},"7":{"start":{"line":11,"column":0},"end":{"line":11,"column":64}}},"fnMap":{"1":{"name":"(anonymous_1)","decl":{"start":{"line":3,"column":20},"end":{"line":3,"column":21}},"loc":{"start":{"line":3,"column":32},"end":{"line":9,"column":1}}},"2":{"name":"(anonymous_2)","decl":{"start":{"line":6,"column":73},"end":{"line":6,"column":74}},"loc":{"start":{"line":6,"column":85},"end":{"line":8,"column":3}}}},"branchMap":{},"s":{"1":1,"2":1,"3":1,"4":0,"5":0,"6":0,"7":1},"f":{"1":0,"2":0},"b":{},"hash":"f3af00c1c604f8b98dd8d6fcad2ba9f6ad3704cd","l":{"1":1,"3":1,"4":0,"6":0,"7":0,"11":1}},
"/home/franzp/prototypo/app/scripts/services/log.services.js":{"path":"/home/franzp/prototypo/app/scripts/services/log.services.js","statementMap":{"1":{"start":{"line":1,"column":39},"end":{"line":1,"column":101}},"2":{"start":{"line":1,"column":279},"end":{"line":1,"column":333}},"3":{"start":{"line":3,"column":39},"end":{"line":3,"column":74}},"4":{"start":{"line":7,"column":1},"end":{"line":9,"column":2}},"5":{"start":{"line":8,"column":2},"end":{"line":8,"column":9}},"6":{"start":{"line":11,"column":1},"end":{"line":11,"column":53}},"7":{"start":{"line":14,"column":0},"end":{"line":16,"column":2}},"8":{"start":{"line":15,"column":1},"end":{"line":15,"column":26}},"9":{"start":{"line":18,"column":0},"end":{"line":20,"column":2}},"10":{"start":{"line":19,"column":1},"end":{"line":19,"column":70}}},"fnMap":{"1":{"name":"_interopRequireDefault","decl":{"start":{"line":1,"column":250},"end":{"line":1,"column":272}},"loc":{"start":{"line":1,"column":278},"end":{"line":1,"column":334}}},"2":{"name":"Log","decl":{"start":{"line":6,"column":9},"end":{"line":6,"column":12}},"loc":{"start":{"line":6,"column":38},"end":{"line":12,"column":1}}},"3":{"name":"(anonymous_3)","decl":{"start":{"line":14,"column":9},"end":{"line":14,"column":10}},"loc":{"start":{"line":14,"column":34},"end":{"line":16,"column":1}}},"4":{"name":"(anonymous_4)","decl":{"start":{"line":18,"column":16},"end":{"line":18,"column":17}},"loc":{"start":{"line":18,"column":33},"end":{"line":20,"column":1}}}},"branchMap":{"1":{"loc":{"start":{"line":1,"column":286},"end":{"line":1,"column":332}},"type":"cond-expr","locations":[{"start":{"line":1,"column":310},"end":{"line":1,"column":313}},{"start":{"line":1,"column":316},"end":{"line":1,"column":332}}]},"2":{"loc":{"start":{"line":1,"column":286},"end":{"line":1,"column":307}},"type":"binary-expr","locations":[{"start":{"line":1,"column":286},"end":{"line":1,"column":289}},{"start":{"line":1,"column":293},"end":{"line":1,"column":307}}]},"3":{"loc":{"start":{"line":7,"column":1},"end":{"line":9,"column":2}},"type":"if","locations":[{"start":{"line":7,"column":1},"end":{"line":9,"column":2}},{"start":{"line":7,"column":1},"end":{"line":9,"column":2}}]}},"s":{"1":1,"2":1,"3":1,"4":0,"5":0,"6":0,"7":1,"8":0,"9":1,"10":0},"f":{"1":1,"2":0,"3":0,"4":0},"b":{"1":[0,1],"2":[1,1],"3":[0,0]},"hash":"0d0092dce9e2055713e92cea04ee417b82d1cb63","l":{"1":1,"3":1,"7":0,"8":0,"11":0,"14":1,"15":0,"18":1,"19":0}},
"/home/franzp/prototypo/app/scripts/services/commits.services.js":{"path":"/home/franzp/prototypo/app/scripts/services/commits.services.js","statementMap":{"1":{"start":{"line":1,"column":39},"end":{"line":1,"column":101}},"2":{"start":{"line":1,"column":115},"end":{"line":1,"column":117}},"3":{"start":{"line":3,"column":0},"end":{"line":20,"column":2}},"4":{"start":{"line":4,"column":11},"end":{"line":4,"column":31}},"5":{"start":{"line":6,"column":1},"end":{"line":19,"column":4}},"6":{"start":{"line":8,"column":2},"end":{"line":8,"column":196}},"7":{"start":{"line":10,"column":2},"end":{"line":12,"column":4}},"8":{"start":{"line":11,"column":3},"end":{"line":11,"column":34}},"9":{"start":{"line":14,"column":2},"end":{"line":16,"column":4}},"10":{"start":{"line":15,"column":3},"end":{"line":15,"column":13}},"11":{"start":{"line":18,"column":2},"end":{"line":18,"column":13}}},"fnMap":{"1":{"name":"(anonymous_1)","decl":{"start":{"line":3,"column":21},"end":{"line":3,"column":22}},"loc":{"start":{"line":3,"column":37},"end":{"line":20,"column":1}}},"2":{"name":"(anonymous_2)","decl":{"start":{"line":6,"column":20},"end":{"line":6,"column":21}},"loc":{"start":{"line":6,"column":47},"end":{"line":19,"column":2}}},"3":{"name":"(anonymous_3)","decl":{"start":{"line":10,"column":15},"end":{"line":10,"column":16}},"loc":{"start":{"line":10,"column":28},"end":{"line":12,"column":3}}},"4":{"name":"(anonymous_4)","decl":{"start":{"line":14,"column":16},"end":{"line":14,"column":17}},"loc":{"start":{"line":14,"column":29},"end":{"line":16,"column":3}}}},"branchMap":{},"s":{"1":1,"2":1,"3":1,"4":0,"5":0,"6":0,"7":0,"8":0,"9":0,"10":0,"11":0},"f":{"1":0,"2":0,"3":0,"4":0},"b":{},"hash":"ee4ee4014d302874c566bf51942afef06fa7e800","l":{"1":1,"3":1,"4":0,"6":0,"8":0,"10":0,"11":0,"14":0,"15":0,"18":0}}}
