TN:
SF:/home/franzp/prototypo/app/scripts/stores/local-server.stores.jsx
FN:,(anonymous_1)
FN:,defineProperties
FN:,(anonymous_3)
FN:,(anonymous_4)
FN:,LocalServer
FN:,get
FNF:6
FNH:6
FNDA:2,(anonymous_1)
FNDA:2,defineProperties
FNDA:2,(anonymous_3)
FNDA:2,(anonymous_4)
FNDA:2,LocalServer
FNDA:2,get
DA:1,2
DA:3,2
DA:5,2
DA:6,2
DA:8,0
DA:9,0
DA:11,2
DA:14,2
DA:15,2
LF:9
LH:7
BRDA:,1,0,2
BRDA:,1,1,2
BRDA:,2,0,0
BRDA:,2,1,2
BRDA:,3,0,2
BRDA:,3,1,0
BRDA:,4,0,0
BRDA:,4,1,2
BRDA:,5,0,2
BRDA:,5,1,0
BRDA:,6,0,0
BRDA:,6,1,0
BRF:12
BRH:6
end_of_record
TN:
SF:/home/franzp/prototypo/app/scripts/stores/local-client.stores.jsx
FN:,(anonymous_1)
FN:,defineProperties
FN:,(anonymous_3)
FN:,(anonymous_4)
FN:,LocalClient
FN:,setup
FN:,instance
FNF:7
FNH:6
FNDA:2,(anonymous_1)
FNDA:2,defineProperties
FNDA:2,(anonymous_3)
FNDA:2,(anonymous_4)
FNDA:0,LocalClient
FNDA:2,setup
FNDA:6,instance
DA:1,4
DA:3,2
DA:5,2
DA:6,2
DA:8,0
DA:9,0
DA:14,6
DA:15,2
LF:8
LH:6
BRDA:,1,0,4
BRDA:,1,1,4
BRDA:,2,0,4
BRDA:,2,1,0
BRDA:,3,0,0
BRDA:,3,1,2
BRDA:,4,0,2
BRDA:,4,1,0
BRDA:,5,0,2
BRDA:,5,1,0
BRDA:,6,0,0
BRDA:,6,1,0
BRF:12
BRH:6
end_of_record
TN:
SF:/home/franzp/prototypo/app/scripts/actions/export.actions.jsx
FN:,_interopRequireDefault
FN:,(anonymous_2)
FN:,exportAuthorized
FN:,spendCreditsAction
FNF:4
FNH:2
FNDA:4,_interopRequireDefault
FNDA:1,(anonymous_2)
FNDA:0,exportAuthorized
FNDA:0,spendCreditsAction
DA:1,1
DA:6,4
DA:8,1
DA:9,1
DA:11,1
DA:12,1
DA:13,1
DA:23,0
DA:24,0
DA:25,0
DA:27,0
DA:28,0
DA:35,0
DA:42,0
DA:44,0
DA:45,0
DA:47,0
LF:17
LH:7
BRDA:,1,0,2
BRDA:,1,1,2
BRDA:,2,0,4
BRDA:,2,1,4
BRDA:,3,0,0
BRDA:,3,1,0
BRDA:,3,2,0
BRDA:,4,0,0
BRDA:,4,1,0
BRDA:,5,0,0
BRDA:,5,1,0
BRDA:,6,0,0
BRDA:,6,1,0
BRDA:,7,0,0
BRDA:,7,1,0
BRF:15
BRH:4
end_of_record
TN:
SF:/home/franzp/prototypo/app/scripts/services/values.services.js
FN:,_interopRequireDefault
FN:,values
FN:,get
FN:,(anonymous_4)
FN:,getWithPouch
FN:,save
FN:,clear
FN:,deleteDb
FNF:8
FNH:2
FNDA:4,_interopRequireDefault
FNDA:10,values
FNDA:0,get
FNDA:0,(anonymous_4)
FNDA:0,getWithPouch
FNDA:0,save
FNDA:0,clear
FNDA:0,deleteDb
DA:1,2
DA:3,4
DA:7,10
DA:9,0
DA:11,0
DA:12,0
DA:14,0
DA:16,0
DA:20,0
DA:21,0
DA:25,0
DA:26,0
DA:30,0
DA:33,0
DA:36,0
DA:41,2
DA:42,2
DA:43,2
DA:44,2
DA:45,2
LF:20
LH:8
BRDA:,1,0,3
BRDA:,1,1,1
BRDA:,2,0,4
BRDA:,2,1,4
BRDA:,3,0,0
BRDA:,3,1,0
BRDA:,4,0,0
BRDA:,4,1,0
BRDA:,5,0,0
BRDA:,5,1,0
BRDA:,6,0,0
BRF:11
BRH:4
end_of_record
TN:
SF:/home/franzp/prototypo/app/scripts/helpers/loadValues.helpers.js
FN:,(anonymous_1)
FN:,(anonymous_2)
FN:,copyFontValues
FN:,loadFontValues
FN:,(anonymous_5)
FN:,(anonymous_6)
FNF:6
FNH:2
FNDA:1,(anonymous_1)
FNDA:1,(anonymous_2)
FNDA:0,copyFontValues
FNDA:0,loadFontValues
FNDA:0,(anonymous_5)
FNDA:0,(anonymous_6)
DA:1,2
DA:54,2
DA:102,2
DA:103,0
DA:104,0
DA:111,0
DA:113,0
DA:114,0
LF:8
LH:3
BRDA:,1,0,0
BRDA:,1,1,0
BRF:2
BRH:0
end_of_record
TN:
SF:/home/franzp/prototypo/app/scripts/actions/appValues.actions.jsx
FN:,(anonymous_1)
FNF:1
FNH:1
FNDA:1,(anonymous_1)
DA:1,1
DA:7,1
DA:8,1
DA:10,1
DA:11,1
DA:12,1
LF:6
LH:6
BRF:0
BRH:0
end_of_record
TN:
SF:/home/franzp/prototypo/app/scripts/services/hoodie.services.js
FN:,(anonymous_1)
FN:,defineProperties
FN:,(anonymous_3)
FN:,_interopRequireDefault
FN:,_classCallCheck
FN:,_callee
FN:,checkStatus
FN:,checkUser
FN:,parseJson
FN:,parseText
FN:,storeBearer
FN:,getPlan
FN:,setupHoodie
FN:,(anonymous_14)
FN:,(anonymous_15)
FN:,(anonymous_16)
FNF:16
FNH:5
FNDA:1,(anonymous_1)
FNDA:1,defineProperties
FNDA:1,(anonymous_3)
FNDA:5,_interopRequireDefault
FNDA:0,_classCallCheck
FNDA:1,_callee
FNDA:0,checkStatus
FNDA:0,checkUser
FNDA:0,parseJson
FNDA:0,parseText
FNDA:0,storeBearer
FNDA:0,getPlan
FNDA:0,setupHoodie
FNDA:0,(anonymous_14)
FNDA:0,(anonymous_15)
FNDA:0,(anonymous_16)
DA:1,14
DA:7,5
DA:11,1
DA:15,1
DA:17,1
DA:18,0
DA:19,0
DA:22,1
DA:24,1
DA:26,1
DA:122,0
DA:123,0
DA:126,0
DA:128,0
DA:129,0
DA:134,0
DA:135,0
DA:138,0
DA:140,0
DA:141,0
DA:146,0
DA:150,0
DA:154,0
DA:155,0
DA:157,0
DA:161,0
DA:163,0
DA:168,0
DA:169,0
DA:170,0
DA:171,0
DA:180,0
DA:181,0
DA:182,0
DA:183,0
DA:185,0
DA:186,0
DA:188,0
DA:189,0
DA:203,0
DA:204,0
DA:205,0
LF:42
LH:8
BRDA:,1,0,14
BRDA:,1,1,14
BRDA:,2,0,14
BRDA:,2,1,0
BRDA:,3,0,0
BRDA:,3,1,1
BRDA:,4,0,1
BRDA:,4,1,0
BRDA:,5,0,3
BRDA:,5,1,2
BRDA:,6,0,5
BRDA:,6,1,5
BRDA:,7,0,0
BRDA:,7,1,0
BRDA:,8,0,0
BRDA:,8,1,1
BRDA:,9,0,1
BRDA:,9,1,1
BRDA:,10,0,0
BRDA:,10,1,1
BRDA:,11,0,0
BRDA:,11,1,0
BRDA:,12,0,0
BRDA:,12,1,0
BRDA:,13,0,0
BRDA:,13,1,0
BRDA:,14,0,0
BRDA:,14,1,0
BRDA:,15,0,0
BRDA:,15,1,0
BRDA:,16,0,0
BRDA:,16,1,0
BRDA:,17,0,0
BRDA:,17,1,0
BRDA:,18,0,0
BRDA:,18,1,0
BRDA:,19,0,0
BRDA:,19,1,0
BRDA:,20,0,0
BRDA:,20,1,0
BRF:40
BRH:13
end_of_record
TN:
SF:/home/franzp/prototypo/app/scripts/helpers/hoodie.helpers.js
FN:,(anonymous_1)
FN:,(anonymous_2)
FNF:2
FNH:0
FNDA:0,(anonymous_1)
FNDA:0,(anonymous_2)
DA:1,1
DA:3,1
DA:4,0
DA:6,0
DA:7,0
DA:11,1
LF:6
LH:3
BRF:0
BRH:0
end_of_record
TN:
SF:/home/franzp/prototypo/app/scripts/services/log.services.js
FN:,_interopRequireDefault
FN:,Log
FN:,(anonymous_3)
FN:,(anonymous_4)
FNF:4
FNH:1
FNDA:1,_interopRequireDefault
FNDA:0,Log
FNDA:0,(anonymous_3)
FNDA:0,(anonymous_4)
DA:1,1
DA:3,1
DA:7,0
DA:8,0
DA:11,0
DA:14,1
DA:15,0
DA:18,1
DA:19,0
LF:9
LH:4
BRDA:,1,0,0
BRDA:,1,1,1
BRDA:,2,0,1
BRDA:,2,1,1
BRDA:,3,0,0
BRDA:,3,1,0
BRF:6
BRH:3
end_of_record
TN:
SF:/home/franzp/prototypo/app/scripts/services/commits.services.js
FN:,(anonymous_1)
FN:,(anonymous_2)
FN:,(anonymous_3)
FN:,(anonymous_4)
FNF:4
FNH:0
FNDA:0,(anonymous_1)
FNDA:0,(anonymous_2)
FNDA:0,(anonymous_3)
FNDA:0,(anonymous_4)
DA:1,1
DA:3,1
DA:4,0
DA:6,0
DA:8,0
DA:10,0
DA:11,0
DA:14,0
DA:15,0
DA:18,0
LF:10
LH:2
BRF:0
BRH:0
end_of_record
